0 silly argv {
0 silly argv   _: [ 'clean' ],
0 silly argv   lernaVersion: '3.22.1',
0 silly argv   '$0': 'node_modules\\lerna\\cli.js'
0 silly argv }
1 notice cli v3.22.1
2 verbose rootPath F:\office\doar-react
3 info versioning independent
4 info Removing the following directories:
5 info clean packages\components\node_modules
5 info clean packages\main\node_modules
5 info clean packages\shared\node_modules
6 info clean removing F:\office\doar-react\packages\components\node_modules
7 silly rimrafDir F:\office\doar-react\packages\components\node_modules
8 info clean removing F:\office\doar-react\packages\main\node_modules
9 silly rimrafDir F:\office\doar-react\packages\main\node_modules
10 info clean removing F:\office\doar-react\packages\shared\node_modules
11 silly rimrafDir F:\office\doar-react\packages\shared\node_modules
12 error Error: Command failed: C:\Program Files\nodejs\node.exe F:\office\doar-react\node_modules\@lerna\rimraf-dir\node_modules\rimraf\bin.js --no-glob F:\office\doar-react\packages\shared\node_modules\
12 error     at makeError (F:\office\doar-react\node_modules\execa\index.js:174:9)
12 error     at F:\office\doar-react\node_modules\execa\index.js:278:16
